<?xml version="1.0" encoding="UTF-8"?>
<robot generator="Robot 3.2.2 (Python 3.9.1 on win32)" generated="20210529 11:08:38.798" rpa="false">
<suite id="s1" name="Tests" source="D:\pessoal\desafio_pb\desafio\tests">
<suite id="s1-s1" name="Flowtests.Tests" source="D:\pessoal\desafio_pb\desafio\tests\flowtests.tests.robot">
<test id="s1-s1-t1" name="Calculo Soma Cinco Macro">
<kw name="Start Test" library="hooks.pages.commons" type="setup">
<kw name="Open Browser" library="SeleniumLibrary">
<doc>Opens a new browser instance to the optional ``url``.</doc>
<arguments>
<arg>${BASE_URL}</arg>
<arg>${BROWSER}</arg>
</arguments>
<msg timestamp="20210529 11:08:39.040" level="INFO">Opening browser 'chrome' to base url 'http://localhost:3000/'.</msg>
<status status="PASS" starttime="20210529 11:08:39.040" endtime="20210529 11:08:41.020"></status>
</kw>
<kw name="Set Window Size" library="SeleniumLibrary">
<doc>Sets current windows size to given ``width`` and ``height``.</doc>
<arguments>
<arg>${BROWSER_CUSTOMER_WIDTH}</arg>
<arg>${BROWSER_CUSTOMER_HEIGHT}</arg>
</arguments>
<status status="PASS" starttime="20210529 11:08:41.020" endtime="20210529 11:08:41.147"></status>
</kw>
<kw name="Set Selenium Implicit Wait" library="SeleniumLibrary">
<doc>Sets the implicit wait value used by Selenium.</doc>
<arguments>
<arg>${TIME_TO_WAIT}</arg>
</arguments>
<status status="PASS" starttime="20210529 11:08:41.147" endtime="20210529 11:08:41.147"></status>
</kw>
<status status="PASS" starttime="20210529 11:08:39.040" endtime="20210529 11:08:41.147"></status>
</kw>
<kw name="Calculo Soma Cinco" library="CalculatorHomePage.pages">
<kw name="Wait Until Element Is Visible" library="SeleniumLibrary">
<doc>Waits until the element ``locator`` is visible.</doc>
<arguments>
<arg>${BotaoDois}</arg>
<arg>timeout=2</arg>
</arguments>
<status status="PASS" starttime="20210529 11:08:41.155" endtime="20210529 11:08:41.187"></status>
</kw>
<kw name="Click Element" library="SeleniumLibrary">
<doc>Click the element identified by ``locator``.</doc>
<arguments>
<arg>${BotaoDois}</arg>
</arguments>
<msg timestamp="20210529 11:08:41.187" level="INFO">Clicking element 'id:2'.</msg>
<status status="PASS" starttime="20210529 11:08:41.187" endtime="20210529 11:08:41.251"></status>
</kw>
<kw name="Click Element" library="SeleniumLibrary">
<doc>Click the element identified by ``locator``.</doc>
<arguments>
<arg>${BotaoMais}</arg>
</arguments>
<msg timestamp="20210529 11:08:41.251" level="INFO">Clicking element 'id:+'.</msg>
<status status="PASS" starttime="20210529 11:08:41.251" endtime="20210529 11:08:41.307"></status>
</kw>
<kw name="Click Element" library="SeleniumLibrary">
<doc>Click the element identified by ``locator``.</doc>
<arguments>
<arg>${BotaoTres}</arg>
</arguments>
<msg timestamp="20210529 11:08:41.315" level="INFO">Clicking element 'id:3'.</msg>
<status status="PASS" starttime="20210529 11:08:41.307" endtime="20210529 11:08:41.371"></status>
</kw>
<kw name="Click Element" library="SeleniumLibrary">
<doc>Click the element identified by ``locator``.</doc>
<arguments>
<arg>${BotaoIgual}</arg>
</arguments>
<msg timestamp="20210529 11:08:41.371" level="INFO">Clicking element 'id:='.</msg>
<status status="PASS" starttime="20210529 11:08:41.371" endtime="20210529 11:08:41.419"></status>
</kw>
<kw name="Execute Javascript" library="SeleniumLibrary">
<doc>Executes the given JavaScript code with possible arguments.</doc>
<arguments>
<arg>document.getElementsByClassName('display')[0].textContent === "5"</arg>
</arguments>
<msg timestamp="20210529 11:08:41.419" level="INFO">Executing JavaScript:
document.getElementsByClassName('display')[0].textContent === "5"
Without any arguments.</msg>
<status status="PASS" starttime="20210529 11:08:41.419" endtime="20210529 11:08:41.427"></status>
</kw>
<status status="PASS" starttime="20210529 11:08:41.155" endtime="20210529 11:08:41.427"></status>
</kw>
<kw name="Finish Test" library="hooks.pages.commons" type="teardown">
<kw name="Capture Page Screenshot" library="SeleniumLibrary">
<doc>Takes a screenshot of the current page and embeds it into a log file.</doc>
<msg timestamp="20210529 11:08:41.711" level="INFO" html="yes">&lt;/td&gt;&lt;/tr&gt;&lt;tr&gt;&lt;td colspan="3"&gt;&lt;a href="selenium-screenshot-5.png"&gt;&lt;img src="selenium-screenshot-5.png" width="800px"&gt;&lt;/a&gt;</msg>
<status status="PASS" starttime="20210529 11:08:41.435" endtime="20210529 11:08:41.727"></status>
</kw>
<kw name="Close Browser" library="SeleniumLibrary">
<doc>Closes the current browser.</doc>
<status status="PASS" starttime="20210529 11:08:41.727" endtime="20210529 11:08:43.865"></status>
</kw>
<status status="PASS" starttime="20210529 11:08:41.435" endtime="20210529 11:08:43.865"></status>
</kw>
<status status="PASS" starttime="20210529 11:08:39.034" endtime="20210529 11:08:43.865" critical="yes"></status>
</test>
<test id="s1-s1-t2" name="Calculo Soma Cinco Separado">
<kw name="Start Test" library="hooks.pages.commons" type="setup">
<kw name="Open Browser" library="SeleniumLibrary">
<doc>Opens a new browser instance to the optional ``url``.</doc>
<arguments>
<arg>${BASE_URL}</arg>
<arg>${BROWSER}</arg>
</arguments>
<msg timestamp="20210529 11:08:43.865" level="INFO">Opening browser 'chrome' to base url 'http://localhost:3000/'.</msg>
<status status="PASS" starttime="20210529 11:08:43.865" endtime="20210529 11:08:45.895"></status>
</kw>
<kw name="Set Window Size" library="SeleniumLibrary">
<doc>Sets current windows size to given ``width`` and ``height``.</doc>
<arguments>
<arg>${BROWSER_CUSTOMER_WIDTH}</arg>
<arg>${BROWSER_CUSTOMER_HEIGHT}</arg>
</arguments>
<status status="PASS" starttime="20210529 11:08:45.895" endtime="20210529 11:08:46.023"></status>
</kw>
<kw name="Set Selenium Implicit Wait" library="SeleniumLibrary">
<doc>Sets the implicit wait value used by Selenium.</doc>
<arguments>
<arg>${TIME_TO_WAIT}</arg>
</arguments>
<status status="PASS" starttime="20210529 11:08:46.023" endtime="20210529 11:08:46.023"></status>
</kw>
<status status="PASS" starttime="20210529 11:08:43.865" endtime="20210529 11:08:46.023"></status>
</kw>
<kw name="Clicar no botao dois" library="CalculatorHomePage.pages">
<kw name="Click Element" library="SeleniumLibrary">
<doc>Click the element identified by ``locator``.</doc>
<arguments>
<arg>${BotaoDois}</arg>
</arguments>
<msg timestamp="20210529 11:08:46.023" level="INFO">Clicking element 'id:2'.</msg>
<status status="PASS" starttime="20210529 11:08:46.023" endtime="20210529 11:08:46.095"></status>
</kw>
<status status="PASS" starttime="20210529 11:08:46.023" endtime="20210529 11:08:46.095"></status>
</kw>
<kw name="Clicar no botao mais" library="CalculatorHomePage.pages">
<kw name="Click Element" library="SeleniumLibrary">
<doc>Click the element identified by ``locator``.</doc>
<arguments>
<arg>${BotaoMais}</arg>
</arguments>
<msg timestamp="20210529 11:08:46.095" level="INFO">Clicking element 'id:+'.</msg>
<status status="PASS" starttime="20210529 11:08:46.095" endtime="20210529 11:08:46.159"></status>
</kw>
<status status="PASS" starttime="20210529 11:08:46.095" endtime="20210529 11:08:46.159"></status>
</kw>
<kw name="Clicar no botao tres" library="CalculatorHomePage.pages">
<kw name="Click Element" library="SeleniumLibrary">
<doc>Click the element identified by ``locator``.</doc>
<arguments>
<arg>${BotaoTres}</arg>
</arguments>
<msg timestamp="20210529 11:08:46.167" level="INFO">Clicking element 'id:3'.</msg>
<status status="PASS" starttime="20210529 11:08:46.167" endtime="20210529 11:08:46.231"></status>
</kw>
<status status="PASS" starttime="20210529 11:08:46.159" endtime="20210529 11:08:46.231"></status>
</kw>
<kw name="Clicar no botao igual" library="CalculatorHomePage.pages">
<kw name="Click Element" library="SeleniumLibrary">
<doc>Click the element identified by ``locator``.</doc>
<arguments>
<arg>${BotaoIgual}</arg>
</arguments>
<msg timestamp="20210529 11:08:46.239" level="INFO">Clicking element 'id:='.</msg>
<status status="PASS" starttime="20210529 11:08:46.239" endtime="20210529 11:08:46.303"></status>
</kw>
<status status="PASS" starttime="20210529 11:08:46.231" endtime="20210529 11:08:46.303"></status>
</kw>
<kw name="Verificar Soma 5" library="CalculatorHomePage.pages">
<kw name="Wait For Condition" library="SeleniumLibrary">
<doc>Waits until ``condition`` is true or ``timeout`` expires.</doc>
<arguments>
<arg>return document.getElementsByClassName('display')[0].textContent === "5"</arg>
<arg>timeout=2</arg>
</arguments>
<status status="PASS" starttime="20210529 11:08:46.303" endtime="20210529 11:08:46.311"></status>
</kw>
<status status="PASS" starttime="20210529 11:08:46.303" endtime="20210529 11:08:46.311"></status>
</kw>
<kw name="Finish Test" library="hooks.pages.commons" type="teardown">
<kw name="Capture Page Screenshot" library="SeleniumLibrary">
<doc>Takes a screenshot of the current page and embeds it into a log file.</doc>
<msg timestamp="20210529 11:08:46.611" level="INFO" html="yes">&lt;/td&gt;&lt;/tr&gt;&lt;tr&gt;&lt;td colspan="3"&gt;&lt;a href="selenium-screenshot-6.png"&gt;&lt;img src="selenium-screenshot-6.png" width="800px"&gt;&lt;/a&gt;</msg>
<status status="PASS" starttime="20210529 11:08:46.311" endtime="20210529 11:08:46.611"></status>
</kw>
<kw name="Close Browser" library="SeleniumLibrary">
<doc>Closes the current browser.</doc>
<status status="PASS" starttime="20210529 11:08:46.611" endtime="20210529 11:08:48.766"></status>
</kw>
<status status="PASS" starttime="20210529 11:08:46.311" endtime="20210529 11:08:48.766"></status>
</kw>
<status status="PASS" starttime="20210529 11:08:43.865" endtime="20210529 11:08:48.766" critical="yes"></status>
</test>
<status status="PASS" starttime="20210529 11:08:38.831" endtime="20210529 11:08:48.769"></status>
</suite>
<status status="PASS" starttime="20210529 11:08:38.798" endtime="20210529 11:08:48.777"></status>
</suite>
<statistics>
<total>
<stat pass="2" fail="0">Critical Tests</stat>
<stat pass="2" fail="0">All Tests</stat>
</total>
<tag>
</tag>
<suite>
<stat pass="2" fail="0" id="s1" name="Tests">Tests</stat>
<stat pass="2" fail="0" id="s1-s1" name="Flowtests.Tests">Tests.Flowtests.Tests</stat>
</suite>
</statistics>
<errors>
</errors>
</robot>
